2021-07-01 01:41:27.448  INFO 14908 --- [main] c.hallbooking.VendorServiceApplication   : Starting VendorServiceApplication using Java 15.0.2 on DANNY with PID 14908 (C:\Users\pldur\Desktop\apache-tomcat-9.0.46\MyProject\VendorService\target\classes started by pldur in C:\Users\pldur\Desktop\apache-tomcat-9.0.46\MyProject\VendorService)
2021-07-01 01:41:27.502  INFO 14908 --- [main] c.hallbooking.VendorServiceApplication   : No active profile set, falling back to default profiles: default
2021-07-01 01:41:29.245  INFO 14908 --- [main] .s.d.r.c.RepositoryConfigurationDelegate : Bootstrapping Spring Data JPA repositories in DEFAULT mode.
2021-07-01 01:41:29.402  INFO 14908 --- [main] .s.d.r.c.RepositoryConfigurationDelegate : Finished Spring Data repository scanning in 146 ms. Found 1 JPA repository interfaces.
2021-07-01 01:41:29.789  INFO 14908 --- [main] o.s.cloud.context.scope.GenericScope     : BeanFactory id=ddec5395-7aad-36be-8c74-ef8fdae7d2a7
2021-07-01 01:41:29.955  INFO 14908 --- [main] trationDelegate$BeanPostProcessorChecker : Bean 'org.springframework.ws.config.annotation.DelegatingWsConfiguration' of type [org.springframework.ws.config.annotation.DelegatingWsConfiguration$$EnhancerBySpringCGLIB$$94816ffc] is not eligible for getting processed by all BeanPostProcessors (for example: not eligible for auto-proxying)
2021-07-01 01:41:30.003  INFO 14908 --- [main] .w.s.a.s.AnnotationActionEndpointMapping : Supporting [WS-Addressing August 2004, WS-Addressing 1.0]
2021-07-01 01:41:30.051  INFO 14908 --- [main] trationDelegate$BeanPostProcessorChecker : Bean 'management.metrics-org.springframework.boot.actuate.autoconfigure.metrics.MetricsProperties' of type [org.springframework.boot.actuate.autoconfigure.metrics.MetricsProperties] is not eligible for getting processed by all BeanPostProcessors (for example: not eligible for auto-proxying)
2021-07-01 01:41:30.051  INFO 14908 --- [main] trationDelegate$BeanPostProcessorChecker : Bean 'org.springframework.boot.actuate.autoconfigure.metrics.data.RepositoryMetricsAutoConfiguration' of type [org.springframework.boot.actuate.autoconfigure.metrics.data.RepositoryMetricsAutoConfiguration] is not eligible for getting processed by all BeanPostProcessors (for example: not eligible for auto-proxying)
2021-07-01 01:41:30.053  INFO 14908 --- [main] trationDelegate$BeanPostProcessorChecker : Bean 'org.springframework.boot.actuate.autoconfigure.metrics.export.simple.SimpleMetricsExportAutoConfiguration' of type [org.springframework.boot.actuate.autoconfigure.metrics.export.simple.SimpleMetricsExportAutoConfiguration] is not eligible for getting processed by all BeanPostProcessors (for example: not eligible for auto-proxying)
2021-07-01 01:41:30.056  INFO 14908 --- [main] trationDelegate$BeanPostProcessorChecker : Bean 'management.metrics.export.simple-org.springframework.boot.actuate.autoconfigure.metrics.export.simple.SimpleProperties' of type [org.springframework.boot.actuate.autoconfigure.metrics.export.simple.SimpleProperties] is not eligible for getting processed by all BeanPostProcessors (for example: not eligible for auto-proxying)
2021-07-01 01:41:30.059  INFO 14908 --- [main] trationDelegate$BeanPostProcessorChecker : Bean 'simpleConfig' of type [org.springframework.boot.actuate.autoconfigure.metrics.export.simple.SimplePropertiesConfigAdapter] is not eligible for getting processed by all BeanPostProcessors (for example: not eligible for auto-proxying)
2021-07-01 01:41:30.062  INFO 14908 --- [main] trationDelegate$BeanPostProcessorChecker : Bean 'org.springframework.boot.actuate.autoconfigure.metrics.MetricsAutoConfiguration' of type [org.springframework.boot.actuate.autoconfigure.metrics.MetricsAutoConfiguration] is not eligible for getting processed by all BeanPostProcessors (for example: not eligible for auto-proxying)
2021-07-01 01:41:30.064  INFO 14908 --- [main] trationDelegate$BeanPostProcessorChecker : Bean 'micrometerClock' of type [io.micrometer.core.instrument.Clock$1] is not eligible for getting processed by all BeanPostProcessors (for example: not eligible for auto-proxying)
2021-07-01 01:41:30.080  INFO 14908 --- [main] trationDelegate$BeanPostProcessorChecker : Bean 'simpleMeterRegistry' of type [io.micrometer.core.instrument.simple.SimpleMeterRegistry] is not eligible for getting processed by all BeanPostProcessors (for example: not eligible for auto-proxying)
2021-07-01 01:41:30.084  INFO 14908 --- [main] trationDelegate$BeanPostProcessorChecker : Bean 'repositoryTagsProvider' of type [org.springframework.boot.actuate.metrics.data.DefaultRepositoryTagsProvider] is not eligible for getting processed by all BeanPostProcessors (for example: not eligible for auto-proxying)
2021-07-01 01:41:30.085  INFO 14908 --- [main] trationDelegate$BeanPostProcessorChecker : Bean 'metricsRepositoryMethodInvocationListener' of type [org.springframework.boot.actuate.metrics.data.MetricsRepositoryMethodInvocationListener] is not eligible for getting processed by all BeanPostProcessors (for example: not eligible for auto-proxying)
2021-07-01 01:41:30.378  INFO 14908 --- [main] o.s.b.w.embedded.tomcat.TomcatWebServer  : Tomcat initialized with port(s): 8082 (http)
2021-07-01 01:41:30.389  INFO 14908 --- [main] o.apache.catalina.core.StandardService   : Starting service [Tomcat]
2021-07-01 01:41:30.390  INFO 14908 --- [main] org.apache.catalina.core.StandardEngine  : Starting Servlet engine: [Apache Tomcat/9.0.46]
2021-07-01 01:41:31.000  INFO 14908 --- [main] o.a.c.c.C.[Tomcat].[localhost].[/]       : Initializing Spring embedded WebApplicationContext
2021-07-01 01:41:31.001  INFO 14908 --- [main] w.s.c.ServletWebServerApplicationContext : Root WebApplicationContext: initialization completed in 3448 ms
2021-07-01 01:41:31.328  INFO 14908 --- [main] o.hibernate.jpa.internal.util.LogHelper  : HHH000204: Processing PersistenceUnitInfo [name: default]
2021-07-01 01:41:31.383  INFO 14908 --- [main] org.hibernate.Version                    : HHH000412: Hibernate ORM core version 5.4.31.Final
2021-07-01 01:41:31.511  INFO 14908 --- [main] o.hibernate.annotations.common.Version   : HCANN000001: Hibernate Commons Annotations {5.1.2.Final}
2021-07-01 01:41:31.616  INFO 14908 --- [main] com.zaxxer.hikari.HikariDataSource       : HikariPool-1 - Starting...
2021-07-01 01:41:33.248  INFO 14908 --- [main] com.zaxxer.hikari.HikariDataSource       : HikariPool-1 - Start completed.
2021-07-01 01:41:33.279  INFO 14908 --- [main] org.hibernate.dialect.Dialect            : HHH000400: Using dialect: org.hibernate.dialect.PostgreSQL10Dialect
2021-07-01 01:41:35.274  INFO 14908 --- [main] o.h.e.t.j.p.i.JtaPlatformInitiator       : HHH000490: Using JtaPlatform implementation: [org.hibernate.engine.transaction.jta.platform.internal.NoJtaPlatform]
2021-07-01 01:41:35.284  INFO 14908 --- [main] j.LocalContainerEntityManagerFactoryBean : Initialized JPA EntityManagerFactory for persistence unit 'default'
2021-07-01 01:41:35.895  WARN 14908 --- [main] JpaBaseConfiguration$JpaWebConfiguration : spring.jpa.open-in-view is enabled by default. Therefore, database queries may be performed during view rendering. Explicitly configure spring.jpa.open-in-view to disable this warning
2021-07-01 01:41:36.636  INFO 14908 --- [main] o.s.b.a.e.web.EndpointLinksResolver      : Exposing 17 endpoint(s) beneath base path '/actuator'
2021-07-01 01:41:37.770  INFO 14908 --- [main] DiscoveryClientOptionalArgsConfiguration : Eureka HTTP Client uses RestTemplate.
2021-07-01 01:41:37.868  WARN 14908 --- [main] iguration$LoadBalancerCaffeineWarnLogger : Spring Cloud LoadBalancer is currently working with the default cache. You can switch to using Caffeine cache, by adding it and org.springframework.cache.caffeine.CaffeineCacheManager to the classpath.
2021-07-01 01:41:38.000  INFO 14908 --- [main] o.s.c.n.eureka.InstanceInfoFactory       : Setting initial instance status as: STARTING
2021-07-01 01:41:38.058  INFO 14908 --- [main] com.netflix.discovery.DiscoveryClient    : Initializing Eureka in region us-east-1
2021-07-01 01:41:38.063  INFO 14908 --- [main] c.n.d.s.r.aws.ConfigClusterResolver      : Resolving eureka endpoints via configuration
2021-07-01 01:41:38.104  INFO 14908 --- [main] com.netflix.discovery.DiscoveryClient    : Disable delta property : false
2021-07-01 01:41:38.105  INFO 14908 --- [main] com.netflix.discovery.DiscoveryClient    : Single vip registry refresh property : null
2021-07-01 01:41:38.105  INFO 14908 --- [main] com.netflix.discovery.DiscoveryClient    : Force full registry fetch : false
2021-07-01 01:41:38.105  INFO 14908 --- [main] com.netflix.discovery.DiscoveryClient    : Application is null : false
2021-07-01 01:41:38.105  INFO 14908 --- [main] com.netflix.discovery.DiscoveryClient    : Registered Applications size is zero : true
2021-07-01 01:41:38.105  INFO 14908 --- [main] com.netflix.discovery.DiscoveryClient    : Application version is -1: true
2021-07-01 01:41:38.105  INFO 14908 --- [main] com.netflix.discovery.DiscoveryClient    : Getting all instance registry info from the eureka server
2021-07-01 01:41:38.581  INFO 14908 --- [main] com.netflix.discovery.DiscoveryClient    : The response status is 200
2021-07-01 01:41:38.587  INFO 14908 --- [main] com.netflix.discovery.DiscoveryClient    : Starting heartbeat executor: renew interval is: 30
2021-07-01 01:41:38.594  INFO 14908 --- [main] c.n.discovery.InstanceInfoReplicator     : InstanceInfoReplicator onDemand update allowed rate per min is 4
2021-07-01 01:41:38.606  INFO 14908 --- [main] com.netflix.discovery.DiscoveryClient    : Discovery Client initialized at timestamp 1625083898605 with initial instances count: 5
2021-07-01 01:41:38.611  INFO 14908 --- [main] o.s.c.n.e.s.EurekaServiceRegistry        : Registering application VENDOR-SERVICE with eureka with status UP
2021-07-01 01:41:38.615  INFO 14908 --- [main] com.netflix.discovery.DiscoveryClient    : Saw local status change event StatusChangeEvent [timestamp=1625083898615, current=UP, previous=STARTING]
2021-07-01 01:41:38.618  INFO 14908 --- [DiscoveryClient-InstanceInfoReplicator-0] com.netflix.discovery.DiscoveryClient    : DiscoveryClient_VENDOR-SERVICE/DANNY:vendor-service:8082: registering service...
2021-07-01 01:41:38.649  INFO 14908 --- [main] o.s.b.w.embedded.tomcat.TomcatWebServer  : Tomcat started on port(s): 8082 (http) with context path ''
2021-07-01 01:41:38.650  INFO 14908 --- [main] .s.c.n.e.s.EurekaAutoServiceRegistration : Updating port to 8082
2021-07-01 01:41:38.677  INFO 14908 --- [DiscoveryClient-InstanceInfoReplicator-0] com.netflix.discovery.DiscoveryClient    : DiscoveryClient_VENDOR-SERVICE/DANNY:vendor-service:8082 - registration status: 204
2021-07-01 01:41:39.161  INFO 14908 --- [main] c.hallbooking.VendorServiceApplication   : Started VendorServiceApplication in 13.192 seconds (JVM running for 14.166)
2021-07-01 01:41:39.176  INFO 14908 --- [main] o.s.b.a.ApplicationAvailabilityBean      : Application availability state LivenessState changed to CORRECT
2021-07-01 01:41:39.180  INFO 14908 --- [main] o.s.b.a.ApplicationAvailabilityBean      : Application availability state ReadinessState changed to ACCEPTING_TRAFFIC
2021-07-01 01:41:39.410  INFO 14908 --- [RMI TCP Connection(3)-127.0.0.1] o.a.c.c.C.[Tomcat].[localhost].[/]       : Initializing Spring DispatcherServlet 'dispatcherServlet'
2021-07-01 01:41:39.410  INFO 14908 --- [RMI TCP Connection(3)-127.0.0.1] o.s.web.servlet.DispatcherServlet        : Initializing Servlet 'dispatcherServlet'
2021-07-01 01:41:39.412  INFO 14908 --- [RMI TCP Connection(3)-127.0.0.1] o.s.web.servlet.DispatcherServlet        : Completed initialization in 2 ms
2021-07-01 01:46:38.114  INFO 14908 --- [AsyncResolver-bootstrap-executor-0] c.n.d.s.r.aws.ConfigClusterResolver      : Resolving eureka endpoints via configuration
2021-07-01 01:51:38.127  INFO 14908 --- [AsyncResolver-bootstrap-executor-0] c.n.d.s.r.aws.ConfigClusterResolver      : Resolving eureka endpoints via configuration
2021-07-01 14:33:19.388  INFO 18124 --- [main] c.hallbooking.VendorServiceApplication   : Starting VendorServiceApplication using Java 15.0.2 on DANNY with PID 18124 (C:\Users\pldur\Desktop\apache-tomcat-9.0.46\MyProject\VendorService\target\classes started by pldur in C:\Users\pldur\Desktop\apache-tomcat-9.0.46\MyProject\VendorService)
2021-07-01 14:33:19.404  INFO 18124 --- [main] c.hallbooking.VendorServiceApplication   : No active profile set, falling back to default profiles: default
2021-07-01 14:33:21.669  INFO 18124 --- [main] .s.d.r.c.RepositoryConfigurationDelegate : Bootstrapping Spring Data JPA repositories in DEFAULT mode.
2021-07-01 14:33:21.865  INFO 18124 --- [main] .s.d.r.c.RepositoryConfigurationDelegate : Finished Spring Data repository scanning in 181 ms. Found 1 JPA repository interfaces.
2021-07-01 14:33:22.293  INFO 18124 --- [main] o.s.cloud.context.scope.GenericScope     : BeanFactory id=ddec5395-7aad-36be-8c74-ef8fdae7d2a7
2021-07-01 14:33:22.458  INFO 18124 --- [main] trationDelegate$BeanPostProcessorChecker : Bean 'org.springframework.ws.config.annotation.DelegatingWsConfiguration' of type [org.springframework.ws.config.annotation.DelegatingWsConfiguration$$EnhancerBySpringCGLIB$$b03aac91] is not eligible for getting processed by all BeanPostProcessors (for example: not eligible for auto-proxying)
2021-07-01 14:33:22.509  INFO 18124 --- [main] .w.s.a.s.AnnotationActionEndpointMapping : Supporting [WS-Addressing August 2004, WS-Addressing 1.0]
2021-07-01 14:33:22.576  INFO 18124 --- [main] trationDelegate$BeanPostProcessorChecker : Bean 'management.metrics-org.springframework.boot.actuate.autoconfigure.metrics.MetricsProperties' of type [org.springframework.boot.actuate.autoconfigure.metrics.MetricsProperties] is not eligible for getting processed by all BeanPostProcessors (for example: not eligible for auto-proxying)
2021-07-01 14:33:22.577  INFO 18124 --- [main] trationDelegate$BeanPostProcessorChecker : Bean 'org.springframework.boot.actuate.autoconfigure.metrics.data.RepositoryMetricsAutoConfiguration' of type [org.springframework.boot.actuate.autoconfigure.metrics.data.RepositoryMetricsAutoConfiguration] is not eligible for getting processed by all BeanPostProcessors (for example: not eligible for auto-proxying)
2021-07-01 14:33:22.579  INFO 18124 --- [main] trationDelegate$BeanPostProcessorChecker : Bean 'org.springframework.boot.actuate.autoconfigure.metrics.export.simple.SimpleMetricsExportAutoConfiguration' of type [org.springframework.boot.actuate.autoconfigure.metrics.export.simple.SimpleMetricsExportAutoConfiguration] is not eligible for getting processed by all BeanPostProcessors (for example: not eligible for auto-proxying)
2021-07-01 14:33:22.583  INFO 18124 --- [main] trationDelegate$BeanPostProcessorChecker : Bean 'management.metrics.export.simple-org.springframework.boot.actuate.autoconfigure.metrics.export.simple.SimpleProperties' of type [org.springframework.boot.actuate.autoconfigure.metrics.export.simple.SimpleProperties] is not eligible for getting processed by all BeanPostProcessors (for example: not eligible for auto-proxying)
2021-07-01 14:33:22.586  INFO 18124 --- [main] trationDelegate$BeanPostProcessorChecker : Bean 'simpleConfig' of type [org.springframework.boot.actuate.autoconfigure.metrics.export.simple.SimplePropertiesConfigAdapter] is not eligible for getting processed by all BeanPostProcessors (for example: not eligible for auto-proxying)
2021-07-01 14:33:22.590  INFO 18124 --- [main] trationDelegate$BeanPostProcessorChecker : Bean 'org.springframework.boot.actuate.autoconfigure.metrics.MetricsAutoConfiguration' of type [org.springframework.boot.actuate.autoconfigure.metrics.MetricsAutoConfiguration] is not eligible for getting processed by all BeanPostProcessors (for example: not eligible for auto-proxying)
2021-07-01 14:33:22.592  INFO 18124 --- [main] trationDelegate$BeanPostProcessorChecker : Bean 'micrometerClock' of type [io.micrometer.core.instrument.Clock$1] is not eligible for getting processed by all BeanPostProcessors (for example: not eligible for auto-proxying)
2021-07-01 14:33:22.609  INFO 18124 --- [main] trationDelegate$BeanPostProcessorChecker : Bean 'simpleMeterRegistry' of type [io.micrometer.core.instrument.simple.SimpleMeterRegistry] is not eligible for getting processed by all BeanPostProcessors (for example: not eligible for auto-proxying)
2021-07-01 14:33:22.614  INFO 18124 --- [main] trationDelegate$BeanPostProcessorChecker : Bean 'repositoryTagsProvider' of type [org.springframework.boot.actuate.metrics.data.DefaultRepositoryTagsProvider] is not eligible for getting processed by all BeanPostProcessors (for example: not eligible for auto-proxying)
2021-07-01 14:33:22.615  INFO 18124 --- [main] trationDelegate$BeanPostProcessorChecker : Bean 'metricsRepositoryMethodInvocationListener' of type [org.springframework.boot.actuate.metrics.data.MetricsRepositoryMethodInvocationListener] is not eligible for getting processed by all BeanPostProcessors (for example: not eligible for auto-proxying)
2021-07-01 14:33:25.014  INFO 18124 --- [main] o.s.b.w.embedded.tomcat.TomcatWebServer  : Tomcat initialized with port(s): 8082 (http)
2021-07-01 14:33:25.055  INFO 18124 --- [main] o.apache.catalina.core.StandardService   : Starting service [Tomcat]
2021-07-01 14:33:25.056  INFO 18124 --- [main] org.apache.catalina.core.StandardEngine  : Starting Servlet engine: [Apache Tomcat/9.0.46]
2021-07-01 14:33:25.330  INFO 18124 --- [main] o.a.c.c.C.[Tomcat].[localhost].[/]       : Initializing Spring embedded WebApplicationContext
2021-07-01 14:33:25.330  INFO 18124 --- [main] w.s.c.ServletWebServerApplicationContext : Root WebApplicationContext: initialization completed in 5874 ms
2021-07-01 14:33:25.934  INFO 18124 --- [main] o.hibernate.jpa.internal.util.LogHelper  : HHH000204: Processing PersistenceUnitInfo [name: default]
2021-07-01 14:33:26.971  INFO 18124 --- [main] org.hibernate.Version                    : HHH000412: Hibernate ORM core version 5.4.31.Final
2021-07-01 14:33:28.453  INFO 18124 --- [main] o.hibernate.annotations.common.Version   : HCANN000001: Hibernate Commons Annotations {5.1.2.Final}
2021-07-01 14:33:28.642  INFO 18124 --- [main] com.zaxxer.hikari.HikariDataSource       : HikariPool-1 - Starting...
2021-07-01 14:33:29.372  INFO 18124 --- [main] com.zaxxer.hikari.HikariDataSource       : HikariPool-1 - Start completed.
2021-07-01 14:33:29.713  INFO 18124 --- [main] org.hibernate.dialect.Dialect            : HHH000400: Using dialect: org.hibernate.dialect.PostgreSQL10Dialect
2021-07-01 14:33:32.257  INFO 18124 --- [main] o.h.e.t.j.p.i.JtaPlatformInitiator       : HHH000490: Using JtaPlatform implementation: [org.hibernate.engine.transaction.jta.platform.internal.NoJtaPlatform]
2021-07-01 14:33:32.275  INFO 18124 --- [main] j.LocalContainerEntityManagerFactoryBean : Initialized JPA EntityManagerFactory for persistence unit 'default'
2021-07-01 14:33:34.065  WARN 18124 --- [main] JpaBaseConfiguration$JpaWebConfiguration : spring.jpa.open-in-view is enabled by default. Therefore, database queries may be performed during view rendering. Explicitly configure spring.jpa.open-in-view to disable this warning
2021-07-01 14:33:35.025  INFO 18124 --- [main] o.s.b.a.e.web.EndpointLinksResolver      : Exposing 17 endpoint(s) beneath base path '/actuator'
2021-07-01 14:33:36.444  INFO 18124 --- [main] DiscoveryClientOptionalArgsConfiguration : Eureka HTTP Client uses RestTemplate.
2021-07-01 14:33:36.549  WARN 18124 --- [main] iguration$LoadBalancerCaffeineWarnLogger : Spring Cloud LoadBalancer is currently working with the default cache. You can switch to using Caffeine cache, by adding it and org.springframework.cache.caffeine.CaffeineCacheManager to the classpath.
2021-07-01 14:33:36.692  INFO 18124 --- [main] o.s.c.n.eureka.InstanceInfoFactory       : Setting initial instance status as: STARTING
2021-07-01 14:33:39.026  INFO 18124 --- [main] com.netflix.discovery.DiscoveryClient    : Initializing Eureka in region us-east-1
2021-07-01 14:33:39.083  INFO 18124 --- [main] c.n.d.s.r.aws.ConfigClusterResolver      : Resolving eureka endpoints via configuration
2021-07-01 14:33:39.284  INFO 18124 --- [main] com.netflix.discovery.DiscoveryClient    : Disable delta property : false
2021-07-01 14:33:39.285  INFO 18124 --- [main] com.netflix.discovery.DiscoveryClient    : Single vip registry refresh property : null
2021-07-01 14:33:39.285  INFO 18124 --- [main] com.netflix.discovery.DiscoveryClient    : Force full registry fetch : false
2021-07-01 14:33:39.286  INFO 18124 --- [main] com.netflix.discovery.DiscoveryClient    : Application is null : false
2021-07-01 14:33:39.286  INFO 18124 --- [main] com.netflix.discovery.DiscoveryClient    : Registered Applications size is zero : true
2021-07-01 14:33:39.286  INFO 18124 --- [main] com.netflix.discovery.DiscoveryClient    : Application version is -1: true
2021-07-01 14:33:39.286  INFO 18124 --- [main] com.netflix.discovery.DiscoveryClient    : Getting all instance registry info from the eureka server
2021-07-01 14:33:39.350  INFO 18124 --- [RMI TCP Connection(3)-127.0.0.1] o.a.c.c.C.[Tomcat].[localhost].[/]       : Initializing Spring DispatcherServlet 'dispatcherServlet'
2021-07-01 14:33:39.350  INFO 18124 --- [RMI TCP Connection(3)-127.0.0.1] o.s.web.servlet.DispatcherServlet        : Initializing Servlet 'dispatcherServlet'
2021-07-01 14:33:39.355  INFO 18124 --- [RMI TCP Connection(3)-127.0.0.1] o.s.web.servlet.DispatcherServlet        : Completed initialization in 5 ms
2021-07-01 14:33:40.045  INFO 18124 --- [main] com.netflix.discovery.DiscoveryClient    : The response status is 200
2021-07-01 14:33:40.052  INFO 18124 --- [main] com.netflix.discovery.DiscoveryClient    : Starting heartbeat executor: renew interval is: 30
2021-07-01 14:33:40.059  INFO 18124 --- [main] c.n.discovery.InstanceInfoReplicator     : InstanceInfoReplicator onDemand update allowed rate per min is 4
2021-07-01 14:33:40.074  INFO 18124 --- [main] com.netflix.discovery.DiscoveryClient    : Discovery Client initialized at timestamp 1625130220073 with initial instances count: 5
2021-07-01 14:33:40.078  INFO 18124 --- [main] o.s.c.n.e.s.EurekaServiceRegistry        : Registering application VENDOR-SERVICE with eureka with status UP
2021-07-01 14:33:40.079  INFO 18124 --- [main] com.netflix.discovery.DiscoveryClient    : Saw local status change event StatusChangeEvent [timestamp=1625130220079, current=UP, previous=STARTING]
2021-07-01 14:33:40.081  INFO 18124 --- [DiscoveryClient-InstanceInfoReplicator-0] com.netflix.discovery.DiscoveryClient    : DiscoveryClient_VENDOR-SERVICE/DANNY:vendor-service:8082: registering service...
2021-07-01 14:33:40.167  INFO 18124 --- [main] o.s.b.w.embedded.tomcat.TomcatWebServer  : Tomcat started on port(s): 8082 (http) with context path ''
2021-07-01 14:33:40.168  INFO 18124 --- [main] .s.c.n.e.s.EurekaAutoServiceRegistration : Updating port to 8082
2021-07-01 14:33:40.311  INFO 18124 --- [DiscoveryClient-InstanceInfoReplicator-0] com.netflix.discovery.DiscoveryClient    : DiscoveryClient_VENDOR-SERVICE/DANNY:vendor-service:8082 - registration status: 204
2021-07-01 14:33:41.620  INFO 18124 --- [main] c.hallbooking.VendorServiceApplication   : Started VendorServiceApplication in 22.906 seconds (JVM running for 23.808)
2021-07-01 14:33:41.629  INFO 18124 --- [main] o.s.b.a.ApplicationAvailabilityBean      : Application availability state LivenessState changed to CORRECT
2021-07-01 14:33:41.632  INFO 18124 --- [main] o.s.b.a.ApplicationAvailabilityBean      : Application availability state ReadinessState changed to ACCEPTING_TRAFFIC
2021-07-01 14:38:39.301  INFO 18124 --- [AsyncResolver-bootstrap-executor-0] c.n.d.s.r.aws.ConfigClusterResolver      : Resolving eureka endpoints via configuration
2021-07-01 14:43:39.306  INFO 18124 --- [AsyncResolver-bootstrap-executor-0] c.n.d.s.r.aws.ConfigClusterResolver      : Resolving eureka endpoints via configuration
2021-07-01 14:48:39.310  INFO 18124 --- [AsyncResolver-bootstrap-executor-0] c.n.d.s.r.aws.ConfigClusterResolver      : Resolving eureka endpoints via configuration
2021-07-01 14:53:39.317  INFO 18124 --- [AsyncResolver-bootstrap-executor-0] c.n.d.s.r.aws.ConfigClusterResolver      : Resolving eureka endpoints via configuration
2021-07-01 14:58:39.331  INFO 18124 --- [AsyncResolver-bootstrap-executor-0] c.n.d.s.r.aws.ConfigClusterResolver      : Resolving eureka endpoints via configuration
2021-07-01 15:03:39.348  INFO 18124 --- [AsyncResolver-bootstrap-executor-0] c.n.d.s.r.aws.ConfigClusterResolver      : Resolving eureka endpoints via configuration
2021-07-01 15:08:39.360  INFO 18124 --- [AsyncResolver-bootstrap-executor-0] c.n.d.s.r.aws.ConfigClusterResolver      : Resolving eureka endpoints via configuration
2021-07-01 15:17:58.141  WARN 18124 --- [HikariPool-1 housekeeper] com.zaxxer.hikari.pool.HikariPool        : HikariPool-1 - Thread starvation or clock leap detected (housekeeper delta=6m28s66ms435µs900ns).
2021-07-01 15:19:37.411  INFO 18124 --- [AsyncResolver-bootstrap-executor-0] c.n.d.s.r.aws.ConfigClusterResolver      : Resolving eureka endpoints via configuration
2021-07-01 15:24:37.415  INFO 18124 --- [AsyncResolver-bootstrap-executor-0] c.n.d.s.r.aws.ConfigClusterResolver      : Resolving eureka endpoints via configuration
2021-07-01 15:29:37.419  INFO 18124 --- [AsyncResolver-bootstrap-executor-0] c.n.d.s.r.aws.ConfigClusterResolver      : Resolving eureka endpoints via configuration
2021-07-01 15:34:37.423  INFO 18124 --- [AsyncResolver-bootstrap-executor-0] c.n.d.s.r.aws.ConfigClusterResolver      : Resolving eureka endpoints via configuration
2021-07-01 15:39:37.476  INFO 18124 --- [AsyncResolver-bootstrap-executor-0] c.n.d.s.r.aws.ConfigClusterResolver      : Resolving eureka endpoints via configuration
2021-07-01 15:44:37.493  INFO 18124 --- [AsyncResolver-bootstrap-executor-0] c.n.d.s.r.aws.ConfigClusterResolver      : Resolving eureka endpoints via configuration
2021-07-01 15:49:37.494  INFO 18124 --- [AsyncResolver-bootstrap-executor-0] c.n.d.s.r.aws.ConfigClusterResolver      : Resolving eureka endpoints via configuration
2021-07-01 16:01:34.917  WARN 18124 --- [HikariPool-1 housekeeper] com.zaxxer.hikari.pool.HikariPool        : HikariPool-1 - Thread starvation or clock leap detected (housekeeper delta=9m6s270ms56µs800ns).
2021-07-01 16:03:13.749  INFO 18124 --- [AsyncResolver-bootstrap-executor-0] c.n.d.s.r.aws.ConfigClusterResolver      : Resolving eureka endpoints via configuration
